0 info it worked if it ends with ok
1 verbose cli [ '/usr/bin/node', '/usr/bin/npm', 'start' ]
2 info using npm@3.5.2
3 info using node@v8.10.0
4 verbose run-script [ 'prestart', 'start', 'poststart' ]
5 info lifecycle tfjs-yolo-demo@0.0.2~prestart: tfjs-yolo-demo@0.0.2
6 silly lifecycle tfjs-yolo-demo@0.0.2~prestart: no script for prestart, continuing
7 info lifecycle tfjs-yolo-demo@0.0.2~start: tfjs-yolo-demo@0.0.2
8 verbose lifecycle tfjs-yolo-demo@0.0.2~start: unsafe-perm in lifecycle true
9 verbose lifecycle tfjs-yolo-demo@0.0.2~start: PATH: /usr/share/npm/bin/node-gyp-bin:/mnt/c/Users/thape/Dropbox/programming/Website/yolo/tfjs-yolo-demo/docs/node_modules/.bin:/usr/local/sbin:/usr/local/bin:/usr/sbin:/usr/bin:/sbin:/bin:/usr/games:/usr/local/games:/mnt/c/ProgramData/DockerDesktop/version-bin:/mnt/c/Program Files/Docker/Docker/Resources/bin:/mnt/c/WINDOWS/system32:/mnt/c/WINDOWS:/mnt/c/WINDOWS/System32/Wbem:/mnt/c/WINDOWS/System32/WindowsPowerShell/v1.0/:/mnt/c/WINDOWS/System32/OpenSSH/:/mnt/c/Program Files (x86)/Intel/Intel(R) Management Engine Components/DAL:/mnt/c/Program Files/Intel/Intel(R) Management Engine Components/DAL:/mnt/c/Program Files/Intel/WiFi/bin/:/mnt/c/Program Files/Common Files/Intel/WirelessCommon/:/mnt/c/Users/thape/AppData/Local/Microsoft/WindowsApps:/mnt/c/Users/thape/AppData/Local/Programs/Microsoft VS Code/bin:/snap/bin
10 verbose lifecycle tfjs-yolo-demo@0.0.2~start: CWD: /mnt/c/Users/thape/Dropbox/programming/Website/yolo/tfjs-yolo-demo/docs
11 silly lifecycle tfjs-yolo-demo@0.0.2~start: Args: [ '-c', 'webpack-dev-server --mode development --open --hot' ]
12 info lifecycle tfjs-yolo-demo@0.0.2~start: Failed to exec start script
13 verbose stack Error: tfjs-yolo-demo@0.0.2 start: `webpack-dev-server --mode development --open --hot`
13 verbose stack spawn ENOENT
13 verbose stack     at ChildProcess.<anonymous> (/usr/share/npm/lib/utils/spawn.js:17:16)
13 verbose stack     at emitTwo (events.js:126:13)
13 verbose stack     at ChildProcess.emit (events.js:214:7)
13 verbose stack     at maybeClose (internal/child_process.js:925:16)
13 verbose stack     at Process.ChildProcess._handle.onexit (internal/child_process.js:209:5)
14 verbose pkgid tfjs-yolo-demo@0.0.2
15 verbose cwd /mnt/c/Users/thape/Dropbox/programming/Website/yolo/tfjs-yolo-demo/docs/src
16 error Linux 4.4.0-18362-Microsoft
17 error argv "/usr/bin/node" "/usr/bin/npm" "start"
18 error node v8.10.0
19 error npm  v3.5.2
20 error file sh
21 error code ELIFECYCLE
22 error errno ENOENT
23 error syscall spawn
24 error tfjs-yolo-demo@0.0.2 start: `webpack-dev-server --mode development --open --hot`
24 error spawn ENOENT
25 error Failed at the tfjs-yolo-demo@0.0.2 start script 'webpack-dev-server --mode development --open --hot'.
25 error Make sure you have the latest version of node.js and npm installed.
25 error If you do, this is most likely a problem with the tfjs-yolo-demo package,
25 error not with npm itself.
25 error Tell the author that this fails on your system:
25 error     webpack-dev-server --mode development --open --hot
25 error You can get information on how to open an issue for this project with:
25 error     npm bugs tfjs-yolo-demo
25 error Or if that isn't available, you can get their info via:
25 error     npm owner ls tfjs-yolo-demo
25 error There is likely additional logging output above.
26 verbose exit [ 1, true ]
